<?xml version="1.0" encoding="UTF-8"?>
<!-- Generated by org.testng.reporters.JUnitReportReporter -->
<testsuite skipped="0" hostname="DESKTOP-0RNV4TN" name="com.softserve.edu.opencart.WishListTest" tests="2" failures="0" timestamp="16 квіт. 2020 09:01:16 GMT" time="39.121" errors="0">
  <testcase name="removeFromWishListTest" time="20.461" classname="com.softserve.edu.opencart.WishListTest"/>
  <testcase name="addToWishListTest" time="18.660" classname="com.softserve.edu.opencart.WishListTest"/>
</testsuite> <!-- com.softserve.edu.opencart.WishListTest -->
